d:\program\gitprj\computergraphics\openmesh_ex\openmesh_ex\debug\vc141.pdb
d:\program\gitprj\computergraphics\openmesh_ex\openmesh_ex\debug\object.obj
d:\program\gitprj\computergraphics\openmesh_ex\openmesh_ex\debug\myform.obj
d:\program\gitprj\computergraphics\openmesh_ex\openmesh_ex\debug\gua_om.obj
d:\program\gitprj\computergraphics\openmesh_ex\openmesh_ex\debug\glcamera.obj
d:\program\gitprj\computergraphics\openmesh_ex\openmesh_ex\debug\loadshaders.obj
d:\program\gitprj\computergraphics\openmesh_ex\openmesh_ex\debug\dotnetuitilities.obj
d:\program\gitprj\computergraphics\openmesh_ex\openmesh_ex\debug\.netframework,version=v4.5.2.assemblyattributes.obj
d:\program\gitprj\computergraphics\openmesh_ex\openmesh_ex\debug\.netframework,version=v4.5.2.assemblyattributes.asm
d:\program\gitprj\computergraphics\openmesh_ex\debug\openmesh_ex.exe
d:\program\gitprj\computergraphics\openmesh_ex\debug\openmesh_ex.pdb
d:\program\gitprj\computergraphics\openmesh_ex\openmesh_ex\debug\openmesh_ex.tlog\metagen.write.1.tlog
d:\program\gitprj\computergraphics\openmesh_ex\openmesh_ex\debug\openmesh_ex.myform.resources
d:\program\gitprj\computergraphics\openmesh_ex\openmesh_ex\debug\openmesh_ex.vcxproj.generateresource.cache
d:\program\gitprj\computergraphics\openmesh_ex\openmesh_ex\debug\openmesh_ex.vcxprojassemblyreference.cache
d:\program\gitprj\computergraphics\openmesh_ex\openmesh_ex\debug\openmesh_ex.tlog\cl.command.1.tlog
d:\program\gitprj\computergraphics\openmesh_ex\openmesh_ex\debug\openmesh_ex.tlog\cl.read.1.tlog
d:\program\gitprj\computergraphics\openmesh_ex\openmesh_ex\debug\openmesh_ex.tlog\cl.write.1.tlog
d:\program\gitprj\computergraphics\openmesh_ex\openmesh_ex\debug\openmesh_ex.tlog\link.command.1.tlog
d:\program\gitprj\computergraphics\openmesh_ex\openmesh_ex\debug\openmesh_ex.tlog\link.read.1.tlog
d:\program\gitprj\computergraphics\openmesh_ex\openmesh_ex\debug\openmesh_ex.tlog\link.write.1.tlog
d:\program\gitprj\computergraphics\openmesh_ex\openmesh_ex\debug\openmesh_ex.tlog\metagen.read.1.tlog
d:\program\gitprj\computergraphics\openmesh_ex\openmesh_ex\debug\openmesh_ex.tlog\openmesh_ex.write.1u.tlog
d:\program\gitprj\computergraphics\openmesh_ex\openmesh_ex\debug\openmesh_ex.tlog\hkoglpanel.dll.metagen
