  GUA_OM.cpp
d:\program\gitprj\computergraphics\openmesh_ex\openmesh_ex\mesh\gua_om.cpp(78): warning C4996: 'OpenMesh::Iterators::GenericIteratorT<OpenMesh::PolyConnectivity::This,OpenMesh::ArrayKernel::FaceHandle,OpenMesh::ArrayKernel,{&OpenMesh::ArrayKernel::has_face_status,0},{&OpenMesh::ArrayKernel::[thunk]: __thiscall OpenMesh::ArrayKernel::`vcall'{16,{flat}}' }',0}>::operator OpenMesh::FaceHandle': Implicit casts of iterators are unsafe. Use dereferencing operators -> and * instead.
  d:\program\gitprj\computergraphics\openmesh_ex\openmesh-5.2\src\openmesh\core\mesh\iteratorst.hh(144): note: 請參閱 'OpenMesh::Iterators::GenericIteratorT<OpenMesh::PolyConnectivity::This,OpenMesh::ArrayKernel::FaceHandle,OpenMesh::ArrayKernel,{&OpenMesh::ArrayKernel::has_face_status,0},{&OpenMesh::ArrayKernel::[thunk]: __thiscall OpenMesh::ArrayKernel::`vcall'{16,{flat}}' }',0}>::operator OpenMesh::FaceHandle' 的宣告
d:\program\gitprj\computergraphics\openmesh_ex\openmesh_ex\mesh\gua_om.cpp(80): warning C4996: 'OpenMesh::Iterators::GenericCirculatorT_DEPRECATED<OpenMesh::PolyConnectivity::This,OpenMesh::ArrayKernel::FaceHandle,OpenMesh::ArrayKernel::VertexHandle,{&OpenMesh::Iterators::GenericCirculatorBaseT<OpenMesh::PolyConnectivity::This>::toVertexHandle,0}>::handle': This function clutters your code. Use dereferencing operators -> and * instead.
  d:\program\gitprj\computergraphics\openmesh_ex\openmesh-5.2\src\openmesh\core\mesh\circulatorst.hh(567): note: 請參閱 'OpenMesh::Iterators::GenericCirculatorT_DEPRECATED<OpenMesh::PolyConnectivity::This,OpenMesh::ArrayKernel::FaceHandle,OpenMesh::ArrayKernel::VertexHandle,{&OpenMesh::Iterators::GenericCirculatorBaseT<OpenMesh::PolyConnectivity::This>::toVertexHandle,0}>::handle' 的宣告
d:\program\gitprj\computergraphics\openmesh_ex\openmesh_ex\mesh\gua_om.cpp(81): warning C4996: 'OpenMesh::Iterators::GenericCirculatorT_DEPRECATED<OpenMesh::PolyConnectivity::This,OpenMesh::ArrayKernel::FaceHandle,OpenMesh::ArrayKernel::VertexHandle,{&OpenMesh::Iterators::GenericCirculatorBaseT<OpenMesh::PolyConnectivity::This>::toVertexHandle,0}>::handle': This function clutters your code. Use dereferencing operators -> and * instead.
  d:\program\gitprj\computergraphics\openmesh_ex\openmesh-5.2\src\openmesh\core\mesh\circulatorst.hh(567): note: 請參閱 'OpenMesh::Iterators::GenericCirculatorT_DEPRECATED<OpenMesh::PolyConnectivity::This,OpenMesh::ArrayKernel::FaceHandle,OpenMesh::ArrayKernel::VertexHandle,{&OpenMesh::Iterators::GenericCirculatorBaseT<OpenMesh::PolyConnectivity::This>::toVertexHandle,0}>::handle' 的宣告
d:\program\gitprj\computergraphics\openmesh_ex\openmesh_ex\mesh\gua_om.cpp(99): warning C4996: 'OpenMesh::Iterators::GenericIteratorT<OpenMesh::PolyConnectivity::This,OpenMesh::ArrayKernel::EdgeHandle,OpenMesh::ArrayKernel,{&OpenMesh::ArrayKernel::has_edge_status,0},{&OpenMesh::ArrayKernel::[thunk]: __thiscall OpenMesh::ArrayKernel::`vcall'{12,{flat}}' }',0}>::handle': This function clutters your code. Use dereferencing operators -> and * instead.
  d:\program\gitprj\computergraphics\openmesh_ex\openmesh-5.2\src\openmesh\core\mesh\iteratorst.hh(133): note: 請參閱 'OpenMesh::Iterators::GenericIteratorT<OpenMesh::PolyConnectivity::This,OpenMesh::ArrayKernel::EdgeHandle,OpenMesh::ArrayKernel,{&OpenMesh::ArrayKernel::has_edge_status,0},{&OpenMesh::ArrayKernel::[thunk]: __thiscall OpenMesh::ArrayKernel::`vcall'{12,{flat}}' }',0}>::handle' 的宣告
d:\program\gitprj\computergraphics\openmesh_ex\openmesh_ex\mesh\gua_om.cpp(157): warning C4996: 'OpenMesh::Iterators::GenericCirculatorT_DEPRECATED<OpenMesh::PolyConnectivity::This,OpenMesh::ArrayKernel::FaceHandle,OpenMesh::ArrayKernel::VertexHandle,{&OpenMesh::Iterators::GenericCirculatorBaseT<OpenMesh::PolyConnectivity::This>::toVertexHandle,0}>::operator bool': Do not use this error prone implicit cast. Compare to end-iterator or use is_valid(), instead.
  d:\program\gitprj\computergraphics\openmesh_ex\openmesh-5.2\src\openmesh\core\mesh\circulatorst.hh(557): note: 請參閱 'OpenMesh::Iterators::GenericCirculatorT_DEPRECATED<OpenMesh::PolyConnectivity::This,OpenMesh::ArrayKernel::FaceHandle,OpenMesh::ArrayKernel::VertexHandle,{&OpenMesh::Iterators::GenericCirculatorBaseT<OpenMesh::PolyConnectivity::This>::toVertexHandle,0}>::operator bool' 的宣告
d:\program\gitprj\computergraphics\openmesh_ex\openmesh_ex\mesh\gua_om.cpp(159): warning C4996: 'OpenMesh::Iterators::GenericCirculatorT_DEPRECATED<OpenMesh::PolyConnectivity::This,OpenMesh::ArrayKernel::FaceHandle,OpenMesh::ArrayKernel::VertexHandle,{&OpenMesh::Iterators::GenericCirculatorBaseT<OpenMesh::PolyConnectivity::This>::toVertexHandle,0}>::handle': This function clutters your code. Use dereferencing operators -> and * instead.
  d:\program\gitprj\computergraphics\openmesh_ex\openmesh-5.2\src\openmesh\core\mesh\circulatorst.hh(567): note: 請參閱 'OpenMesh::Iterators::GenericCirculatorT_DEPRECATED<OpenMesh::PolyConnectivity::This,OpenMesh::ArrayKernel::FaceHandle,OpenMesh::ArrayKernel::VertexHandle,{&OpenMesh::Iterators::GenericCirculatorBaseT<OpenMesh::PolyConnectivity::This>::toVertexHandle,0}>::handle' 的宣告
d:\program\gitprj\computergraphics\openmesh_ex\openmesh_ex\mesh\gua_om.cpp(160): warning C4996: 'OpenMesh::Iterators::GenericCirculatorT_DEPRECATED<OpenMesh::PolyConnectivity::This,OpenMesh::ArrayKernel::FaceHandle,OpenMesh::ArrayKernel::VertexHandle,{&OpenMesh::Iterators::GenericCirculatorBaseT<OpenMesh::PolyConnectivity::This>::toVertexHandle,0}>::handle': This function clutters your code. Use dereferencing operators -> and * instead.
  d:\program\gitprj\computergraphics\openmesh_ex\openmesh-5.2\src\openmesh\core\mesh\circulatorst.hh(567): note: 請參閱 'OpenMesh::Iterators::GenericCirculatorT_DEPRECATED<OpenMesh::PolyConnectivity::This,OpenMesh::ArrayKernel::FaceHandle,OpenMesh::ArrayKernel::VertexHandle,{&OpenMesh::Iterators::GenericCirculatorBaseT<OpenMesh::PolyConnectivity::This>::toVertexHandle,0}>::handle' 的宣告
d:\program\gitprj\computergraphics\openmesh_ex\openmesh_ex\mesh\gua_om.cpp(269): warning C4996: 'OpenMesh::Iterators::GenericCirculatorT_DEPRECATED<OpenMesh::PolyConnectivity::This,OpenMesh::ArrayKernel::VertexHandle,OpenMesh::ArrayKernel::VertexHandle,{&OpenMesh::Iterators::GenericCirculatorBaseT<OpenMesh::PolyConnectivity::This>::toVertexHandle,0}>::operator bool': Do not use this error prone implicit cast. Compare to end-iterator or use is_valid(), instead.
  d:\program\gitprj\computergraphics\openmesh_ex\openmesh-5.2\src\openmesh\core\mesh\circulatorst.hh(557): note: 請參閱 'OpenMesh::Iterators::GenericCirculatorT_DEPRECATED<OpenMesh::PolyConnectivity::This,OpenMesh::ArrayKernel::VertexHandle,OpenMesh::ArrayKernel::VertexHandle,{&OpenMesh::Iterators::GenericCirculatorBaseT<OpenMesh::PolyConnectivity::This>::toVertexHandle,0}>::operator bool' 的宣告
d:\program\gitprj\computergraphics\openmesh_ex\openmesh_ex\mesh\gua_om.cpp(270): warning C4996: 'OpenMesh::Iterators::GenericCirculatorT_DEPRECATED<OpenMesh::PolyConnectivity::This,OpenMesh::ArrayKernel::VertexHandle,OpenMesh::ArrayKernel::VertexHandle,{&OpenMesh::Iterators::GenericCirculatorBaseT<OpenMesh::PolyConnectivity::This>::toVertexHandle,0}>::handle': This function clutters your code. Use dereferencing operators -> and * instead.
  d:\program\gitprj\computergraphics\openmesh_ex\openmesh-5.2\src\openmesh\core\mesh\circulatorst.hh(567): note: 請參閱 'OpenMesh::Iterators::GenericCirculatorT_DEPRECATED<OpenMesh::PolyConnectivity::This,OpenMesh::ArrayKernel::VertexHandle,OpenMesh::ArrayKernel::VertexHandle,{&OpenMesh::Iterators::GenericCirculatorBaseT<OpenMesh::PolyConnectivity::This>::toVertexHandle,0}>::handle' 的宣告
d:\program\gitprj\computergraphics\openmesh_ex\openmesh_ex\mesh\gua_om.cpp(303): warning C4996: 'OpenMesh::Iterators::GenericCirculatorT_DEPRECATED<OpenMesh::PolyConnectivity::This,OpenMesh::ArrayKernel::FaceHandle,OpenMesh::ArrayKernel::FaceHandle,{&OpenMesh::Iterators::GenericCirculatorBaseT<OpenMesh::PolyConnectivity::This>::toOppositeFaceHandle,0}>::operator bool': Do not use this error prone implicit cast. Compare to end-iterator or use is_valid(), instead.
  d:\program\gitprj\computergraphics\openmesh_ex\openmesh-5.2\src\openmesh\core\mesh\circulatorst.hh(557): note: 請參閱 'OpenMesh::Iterators::GenericCirculatorT_DEPRECATED<OpenMesh::PolyConnectivity::This,OpenMesh::ArrayKernel::FaceHandle,OpenMesh::ArrayKernel::FaceHandle,{&OpenMesh::Iterators::GenericCirculatorBaseT<OpenMesh::PolyConnectivity::This>::toOppositeFaceHandle,0}>::operator bool' 的宣告
d:\program\gitprj\computergraphics\openmesh_ex\openmesh_ex\mesh\gua_om.cpp(305): warning C4996: 'OpenMesh::Iterators::GenericCirculatorT_DEPRECATED<OpenMesh::PolyConnectivity::This,OpenMesh::ArrayKernel::FaceHandle,OpenMesh::ArrayKernel::FaceHandle,{&OpenMesh::Iterators::GenericCirculatorBaseT<OpenMesh::PolyConnectivity::This>::toOppositeFaceHandle,0}>::handle': This function clutters your code. Use dereferencing operators -> and * instead.
  d:\program\gitprj\computergraphics\openmesh_ex\openmesh-5.2\src\openmesh\core\mesh\circulatorst.hh(567): note: 請參閱 'OpenMesh::Iterators::GenericCirculatorT_DEPRECATED<OpenMesh::PolyConnectivity::This,OpenMesh::ArrayKernel::FaceHandle,OpenMesh::ArrayKernel::FaceHandle,{&OpenMesh::Iterators::GenericCirculatorBaseT<OpenMesh::PolyConnectivity::This>::toOppositeFaceHandle,0}>::handle' 的宣告
d:\program\gitprj\computergraphics\openmesh_ex\openmesh_ex\mesh\gua_om.cpp(307): warning C4996: 'OpenMesh::Iterators::GenericCirculatorT_DEPRECATED<OpenMesh::PolyConnectivity::This,OpenMesh::ArrayKernel::FaceHandle,OpenMesh::ArrayKernel::FaceHandle,{&OpenMesh::Iterators::GenericCirculatorBaseT<OpenMesh::PolyConnectivity::This>::toOppositeFaceHandle,0}>::handle': This function clutters your code. Use dereferencing operators -> and * instead.
  d:\program\gitprj\computergraphics\openmesh_ex\openmesh-5.2\src\openmesh\core\mesh\circulatorst.hh(567): note: 請參閱 'OpenMesh::Iterators::GenericCirculatorT_DEPRECATED<OpenMesh::PolyConnectivity::This,OpenMesh::ArrayKernel::FaceHandle,OpenMesh::ArrayKernel::FaceHandle,{&OpenMesh::Iterators::GenericCirculatorBaseT<OpenMesh::PolyConnectivity::This>::toOppositeFaceHandle,0}>::handle' 的宣告
d:\program\gitprj\computergraphics\openmesh_ex\openmesh_ex\mesh\gua_om.cpp(308): warning C4996: 'OpenMesh::Iterators::GenericCirculatorT_DEPRECATED<OpenMesh::PolyConnectivity::This,OpenMesh::ArrayKernel::FaceHandle,OpenMesh::ArrayKernel::FaceHandle,{&OpenMesh::Iterators::GenericCirculatorBaseT<OpenMesh::PolyConnectivity::This>::toOppositeFaceHandle,0}>::handle': This function clutters your code. Use dereferencing operators -> and * instead.
  d:\program\gitprj\computergraphics\openmesh_ex\openmesh-5.2\src\openmesh\core\mesh\circulatorst.hh(567): note: 請參閱 'OpenMesh::Iterators::GenericCirculatorT_DEPRECATED<OpenMesh::PolyConnectivity::This,OpenMesh::ArrayKernel::FaceHandle,OpenMesh::ArrayKernel::FaceHandle,{&OpenMesh::Iterators::GenericCirculatorBaseT<OpenMesh::PolyConnectivity::This>::toOppositeFaceHandle,0}>::handle' 的宣告
d:\program\gitprj\computergraphics\openmesh_ex\openmesh_ex\mesh\gua_om.cpp(338): warning C4996: 'OpenMesh::Iterators::GenericCirculatorT_DEPRECATED<OpenMesh::PolyConnectivity::This,OpenMesh::ArrayKernel::FaceHandle,OpenMesh::ArrayKernel::VertexHandle,{&OpenMesh::Iterators::GenericCirculatorBaseT<OpenMesh::PolyConnectivity::This>::toVertexHandle,0}>::operator bool': Do not use this error prone implicit cast. Compare to end-iterator or use is_valid(), instead.
  d:\program\gitprj\computergraphics\openmesh_ex\openmesh-5.2\src\openmesh\core\mesh\circulatorst.hh(557): note: 請參閱 'OpenMesh::Iterators::GenericCirculatorT_DEPRECATED<OpenMesh::PolyConnectivity::This,OpenMesh::ArrayKernel::FaceHandle,OpenMesh::ArrayKernel::VertexHandle,{&OpenMesh::Iterators::GenericCirculatorBaseT<OpenMesh::PolyConnectivity::This>::toVertexHandle,0}>::operator bool' 的宣告
d:\program\gitprj\computergraphics\openmesh_ex\openmesh_ex\mesh\gua_om.cpp(340): warning C4996: 'OpenMesh::Iterators::GenericCirculatorT_DEPRECATED<OpenMesh::PolyConnectivity::This,OpenMesh::ArrayKernel::FaceHandle,OpenMesh::ArrayKernel::VertexHandle,{&OpenMesh::Iterators::GenericCirculatorBaseT<OpenMesh::PolyConnectivity::This>::toVertexHandle,0}>::handle': This function clutters your code. Use dereferencing operators -> and * instead.
  d:\program\gitprj\computergraphics\openmesh_ex\openmesh-5.2\src\openmesh\core\mesh\circulatorst.hh(567): note: 請參閱 'OpenMesh::Iterators::GenericCirculatorT_DEPRECATED<OpenMesh::PolyConnectivity::This,OpenMesh::ArrayKernel::FaceHandle,OpenMesh::ArrayKernel::VertexHandle,{&OpenMesh::Iterators::GenericCirculatorBaseT<OpenMesh::PolyConnectivity::This>::toVertexHandle,0}>::handle' 的宣告
d:\program\gitprj\computergraphics\openmesh_ex\openmesh_ex\mesh\gua_om.cpp(387): warning C4996: 'OpenMesh::Iterators::GenericCirculatorT_DEPRECATED<OpenMesh::PolyConnectivity::This,OpenMesh::ArrayKernel::FaceHandle,OpenMesh::ArrayKernel::FaceHandle,{&OpenMesh::Iterators::GenericCirculatorBaseT<OpenMesh::PolyConnectivity::This>::toOppositeFaceHandle,0}>::operator bool': Do not use this error prone implicit cast. Compare to end-iterator or use is_valid(), instead.
  d:\program\gitprj\computergraphics\openmesh_ex\openmesh-5.2\src\openmesh\core\mesh\circulatorst.hh(557): note: 請參閱 'OpenMesh::Iterators::GenericCirculatorT_DEPRECATED<OpenMesh::PolyConnectivity::This,OpenMesh::ArrayKernel::FaceHandle,OpenMesh::ArrayKernel::FaceHandle,{&OpenMesh::Iterators::GenericCirculatorBaseT<OpenMesh::PolyConnectivity::This>::toOppositeFaceHandle,0}>::operator bool' 的宣告
d:\program\gitprj\computergraphics\openmesh_ex\openmesh_ex\mesh\gua_om.cpp(389): warning C4996: 'OpenMesh::Iterators::GenericCirculatorT_DEPRECATED<OpenMesh::PolyConnectivity::This,OpenMesh::ArrayKernel::FaceHandle,OpenMesh::ArrayKernel::FaceHandle,{&OpenMesh::Iterators::GenericCirculatorBaseT<OpenMesh::PolyConnectivity::This>::toOppositeFaceHandle,0}>::handle': This function clutters your code. Use dereferencing operators -> and * instead.
  d:\program\gitprj\computergraphics\openmesh_ex\openmesh-5.2\src\openmesh\core\mesh\circulatorst.hh(567): note: 請參閱 'OpenMesh::Iterators::GenericCirculatorT_DEPRECATED<OpenMesh::PolyConnectivity::This,OpenMesh::ArrayKernel::FaceHandle,OpenMesh::ArrayKernel::FaceHandle,{&OpenMesh::Iterators::GenericCirculatorBaseT<OpenMesh::PolyConnectivity::This>::toOppositeFaceHandle,0}>::handle' 的宣告
d:\program\gitprj\computergraphics\openmesh_ex\openmesh_ex\mesh\gua_om.cpp(391): warning C4996: 'OpenMesh::Iterators::GenericCirculatorT_DEPRECATED<OpenMesh::PolyConnectivity::This,OpenMesh::ArrayKernel::FaceHandle,OpenMesh::ArrayKernel::FaceHandle,{&OpenMesh::Iterators::GenericCirculatorBaseT<OpenMesh::PolyConnectivity::This>::toOppositeFaceHandle,0}>::handle': This function clutters your code. Use dereferencing operators -> and * instead.
  d:\program\gitprj\computergraphics\openmesh_ex\openmesh-5.2\src\openmesh\core\mesh\circulatorst.hh(567): note: 請參閱 'OpenMesh::Iterators::GenericCirculatorT_DEPRECATED<OpenMesh::PolyConnectivity::This,OpenMesh::ArrayKernel::FaceHandle,OpenMesh::ArrayKernel::FaceHandle,{&OpenMesh::Iterators::GenericCirculatorBaseT<OpenMesh::PolyConnectivity::This>::toOppositeFaceHandle,0}>::handle' 的宣告
d:\program\gitprj\computergraphics\openmesh_ex\openmesh_ex\mesh\gua_om.cpp(392): warning C4996: 'OpenMesh::Iterators::GenericCirculatorT_DEPRECATED<OpenMesh::PolyConnectivity::This,OpenMesh::ArrayKernel::FaceHandle,OpenMesh::ArrayKernel::FaceHandle,{&OpenMesh::Iterators::GenericCirculatorBaseT<OpenMesh::PolyConnectivity::This>::toOppositeFaceHandle,0}>::handle': This function clutters your code. Use dereferencing operators -> and * instead.
  d:\program\gitprj\computergraphics\openmesh_ex\openmesh-5.2\src\openmesh\core\mesh\circulatorst.hh(567): note: 請參閱 'OpenMesh::Iterators::GenericCirculatorT_DEPRECATED<OpenMesh::PolyConnectivity::This,OpenMesh::ArrayKernel::FaceHandle,OpenMesh::ArrayKernel::FaceHandle,{&OpenMesh::Iterators::GenericCirculatorBaseT<OpenMesh::PolyConnectivity::This>::toOppositeFaceHandle,0}>::handle' 的宣告
d:\program\gitprj\computergraphics\openmesh_ex\openmesh_ex\mesh\gua_om.cpp(426): warning C4996: 'OpenMesh::Iterators::GenericCirculatorT_DEPRECATED<OpenMesh::PolyConnectivity::This,OpenMesh::ArrayKernel::FaceHandle,OpenMesh::ArrayKernel::VertexHandle,{&OpenMesh::Iterators::GenericCirculatorBaseT<OpenMesh::PolyConnectivity::This>::toVertexHandle,0}>::operator bool': Do not use this error prone implicit cast. Compare to end-iterator or use is_valid(), instead.
  d:\program\gitprj\computergraphics\openmesh_ex\openmesh-5.2\src\openmesh\core\mesh\circulatorst.hh(557): note: 請參閱 'OpenMesh::Iterators::GenericCirculatorT_DEPRECATED<OpenMesh::PolyConnectivity::This,OpenMesh::ArrayKernel::FaceHandle,OpenMesh::ArrayKernel::VertexHandle,{&OpenMesh::Iterators::GenericCirculatorBaseT<OpenMesh::PolyConnectivity::This>::toVertexHandle,0}>::operator bool' 的宣告
d:\program\gitprj\computergraphics\openmesh_ex\openmesh_ex\mesh\gua_om.cpp(428): warning C4996: 'OpenMesh::Iterators::GenericCirculatorT_DEPRECATED<OpenMesh::PolyConnectivity::This,OpenMesh::ArrayKernel::FaceHandle,OpenMesh::ArrayKernel::VertexHandle,{&OpenMesh::Iterators::GenericCirculatorBaseT<OpenMesh::PolyConnectivity::This>::toVertexHandle,0}>::handle': This function clutters your code. Use dereferencing operators -> and * instead.
  d:\program\gitprj\computergraphics\openmesh_ex\openmesh-5.2\src\openmesh\core\mesh\circulatorst.hh(567): note: 請參閱 'OpenMesh::Iterators::GenericCirculatorT_DEPRECATED<OpenMesh::PolyConnectivity::This,OpenMesh::ArrayKernel::FaceHandle,OpenMesh::ArrayKernel::VertexHandle,{&OpenMesh::Iterators::GenericCirculatorBaseT<OpenMesh::PolyConnectivity::This>::toVertexHandle,0}>::handle' 的宣告
d:\program\gitprj\computergraphics\openmesh_ex\openmesh_ex\mesh\gua_om.cpp(464): warning C4996: 'OpenMesh::Iterators::GenericIteratorT<OpenMesh::PolyConnectivity::This,OpenMesh::ArrayKernel::VertexHandle,OpenMesh::ArrayKernel,{&OpenMesh::ArrayKernel::has_vertex_status,0},{&OpenMesh::ArrayKernel::[thunk]: __thiscall OpenMesh::ArrayKernel::`vcall'{4,{flat}}' }',0}>::operator OpenMesh::VertexHandle': Implicit casts of iterators are unsafe. Use dereferencing operators -> and * instead.
  d:\program\gitprj\computergraphics\openmesh_ex\openmesh-5.2\src\openmesh\core\mesh\iteratorst.hh(144): note: 請參閱 'OpenMesh::Iterators::GenericIteratorT<OpenMesh::PolyConnectivity::This,OpenMesh::ArrayKernel::VertexHandle,OpenMesh::ArrayKernel,{&OpenMesh::ArrayKernel::has_vertex_status,0},{&OpenMesh::ArrayKernel::[thunk]: __thiscall OpenMesh::ArrayKernel::`vcall'{4,{flat}}' }',0}>::operator OpenMesh::VertexHandle' 的宣告
d:\program\gitprj\computergraphics\openmesh_ex\openmesh_ex\mesh\gua_om.cpp(465): warning C4996: 'OpenMesh::Iterators::GenericIteratorT<OpenMesh::PolyConnectivity::This,OpenMesh::ArrayKernel::VertexHandle,OpenMesh::ArrayKernel,{&OpenMesh::ArrayKernel::has_vertex_status,0},{&OpenMesh::ArrayKernel::[thunk]: __thiscall OpenMesh::ArrayKernel::`vcall'{4,{flat}}' }',0}>::handle': This function clutters your code. Use dereferencing operators -> and * instead.
  d:\program\gitprj\computergraphics\openmesh_ex\openmesh-5.2\src\openmesh\core\mesh\iteratorst.hh(133): note: 請參閱 'OpenMesh::Iterators::GenericIteratorT<OpenMesh::PolyConnectivity::This,OpenMesh::ArrayKernel::VertexHandle,OpenMesh::ArrayKernel,{&OpenMesh::ArrayKernel::has_vertex_status,0},{&OpenMesh::ArrayKernel::[thunk]: __thiscall OpenMesh::ArrayKernel::`vcall'{4,{flat}}' }',0}>::handle' 的宣告
d:\program\gitprj\computergraphics\openmesh_ex\openmesh_ex\mesh\gua_om.cpp(485): warning C4244: '引數': 將 'Scalar' 轉換為 'const _Ty'，由於類型不同，可能導致資料遺失
          with
          [
              Scalar=double
          ]
          and
          [
              _Ty=float
          ]
d:\program\gitprj\computergraphics\openmesh_ex\openmesh_ex\mesh\gua_om.cpp(486): warning C4244: '引數': 將 'Scalar' 轉換為 'const _Ty'，由於類型不同，可能導致資料遺失
          with
          [
              Scalar=double
          ]
          and
          [
              _Ty=float
          ]
d:\program\gitprj\computergraphics\openmesh_ex\openmesh_ex\mesh\gua_om.cpp(487): warning C4244: '引數': 將 'Scalar' 轉換為 'const _Ty'，由於類型不同，可能導致資料遺失
          with
          [
              Scalar=double
          ]
          and
          [
              _Ty=float
          ]
d:\program\gitprj\computergraphics\openmesh_ex\openmesh_ex\mesh\gua_om.cpp(489): warning C4244: '引數': 將 'Scalar' 轉換為 'const _Ty'，由於類型不同，可能導致資料遺失
          with
          [
              Scalar=double
          ]
          and
          [
              _Ty=float
          ]
d:\program\gitprj\computergraphics\openmesh_ex\openmesh_ex\mesh\gua_om.cpp(490): warning C4244: '引數': 將 'Scalar' 轉換為 'const _Ty'，由於類型不同，可能導致資料遺失
          with
          [
              Scalar=double
          ]
          and
          [
              _Ty=float
          ]
d:\program\gitprj\computergraphics\openmesh_ex\openmesh_ex\mesh\gua_om.cpp(491): warning C4244: '引數': 將 'Scalar' 轉換為 'const _Ty'，由於類型不同，可能導致資料遺失
          with
          [
              Scalar=double
          ]
          and
          [
              _Ty=float
          ]
d:\program\gitprj\computergraphics\openmesh_ex\openmesh_ex\mesh\gua_om.cpp(501): warning C4244: '引數': 將 'Scalar' 轉換為 'const _Ty'，由於類型不同，可能導致資料遺失
          with
          [
              Scalar=double
          ]
          and
          [
              _Ty=float
          ]
d:\program\gitprj\computergraphics\openmesh_ex\openmesh_ex\mesh\gua_om.cpp(502): warning C4244: '引數': 將 'Scalar' 轉換為 'const _Ty'，由於類型不同，可能導致資料遺失
          with
          [
              Scalar=double
          ]
          and
          [
              _Ty=float
          ]
d:\program\gitprj\computergraphics\openmesh_ex\openmesh_ex\mesh\gua_om.cpp(503): warning C4244: '引數': 將 'Scalar' 轉換為 'const _Ty'，由於類型不同，可能導致資料遺失
          with
          [
              Scalar=double
          ]
          and
          [
              _Ty=float
          ]
d:\program\gitprj\computergraphics\openmesh_ex\openmesh_ex\mesh\gua_om.cpp(482): warning C4996: 'OpenMesh::Iterators::GenericIteratorT<OpenMesh::PolyConnectivity::This,OpenMesh::ArrayKernel::EdgeHandle,OpenMesh::ArrayKernel,{&OpenMesh::ArrayKernel::has_edge_status,0},{&OpenMesh::ArrayKernel::[thunk]: __thiscall OpenMesh::ArrayKernel::`vcall'{12,{flat}}' }',0}>::handle': This function clutters your code. Use dereferencing operators -> and * instead.
  d:\program\gitprj\computergraphics\openmesh_ex\openmesh-5.2\src\openmesh\core\mesh\iteratorst.hh(133): note: 請參閱 'OpenMesh::Iterators::GenericIteratorT<OpenMesh::PolyConnectivity::This,OpenMesh::ArrayKernel::EdgeHandle,OpenMesh::ArrayKernel,{&OpenMesh::ArrayKernel::has_edge_status,0},{&OpenMesh::ArrayKernel::[thunk]: __thiscall OpenMesh::ArrayKernel::`vcall'{12,{flat}}' }',0}>::handle' 的宣告
d:\program\gitprj\computergraphics\openmesh_ex\openmesh_ex\mesh\gua_om.cpp(498): warning C4996: 'OpenMesh::Iterators::GenericIteratorT<OpenMesh::PolyConnectivity::This,OpenMesh::ArrayKernel::FaceHandle,OpenMesh::ArrayKernel,{&OpenMesh::ArrayKernel::has_face_status,0},{&OpenMesh::ArrayKernel::[thunk]: __thiscall OpenMesh::ArrayKernel::`vcall'{16,{flat}}' }',0}>::operator OpenMesh::FaceHandle': Implicit casts of iterators are unsafe. Use dereferencing operators -> and * instead.
  d:\program\gitprj\computergraphics\openmesh_ex\openmesh-5.2\src\openmesh\core\mesh\iteratorst.hh(144): note: 請參閱 'OpenMesh::Iterators::GenericIteratorT<OpenMesh::PolyConnectivity::This,OpenMesh::ArrayKernel::FaceHandle,OpenMesh::ArrayKernel,{&OpenMesh::ArrayKernel::has_face_status,0},{&OpenMesh::ArrayKernel::[thunk]: __thiscall OpenMesh::ArrayKernel::`vcall'{16,{flat}}' }',0}>::operator OpenMesh::FaceHandle' 的宣告
d:\program\gitprj\computergraphics\openmesh_ex\openmesh_ex\mesh\gua_om.cpp(501): warning C4996: 'OpenMesh::Iterators::GenericCirculatorT_DEPRECATED<OpenMesh::PolyConnectivity::This,OpenMesh::ArrayKernel::FaceHandle,OpenMesh::ArrayKernel::VertexHandle,{&OpenMesh::Iterators::GenericCirculatorBaseT<OpenMesh::PolyConnectivity::This>::toVertexHandle,0}>::handle': This function clutters your code. Use dereferencing operators -> and * instead.
  d:\program\gitprj\computergraphics\openmesh_ex\openmesh-5.2\src\openmesh\core\mesh\circulatorst.hh(567): note: 請參閱 'OpenMesh::Iterators::GenericCirculatorT_DEPRECATED<OpenMesh::PolyConnectivity::This,OpenMesh::ArrayKernel::FaceHandle,OpenMesh::ArrayKernel::VertexHandle,{&OpenMesh::Iterators::GenericCirculatorBaseT<OpenMesh::PolyConnectivity::This>::toVertexHandle,0}>::handle' 的宣告
d:\program\gitprj\computergraphics\openmesh_ex\openmesh_ex\mesh\gua_om.cpp(502): warning C4996: 'OpenMesh::Iterators::GenericCirculatorT_DEPRECATED<OpenMesh::PolyConnectivity::This,OpenMesh::ArrayKernel::FaceHandle,OpenMesh::ArrayKernel::VertexHandle,{&OpenMesh::Iterators::GenericCirculatorBaseT<OpenMesh::PolyConnectivity::This>::toVertexHandle,0}>::handle': This function clutters your code. Use dereferencing operators -> and * instead.
  d:\program\gitprj\computergraphics\openmesh_ex\openmesh-5.2\src\openmesh\core\mesh\circulatorst.hh(567): note: 請參閱 'OpenMesh::Iterators::GenericCirculatorT_DEPRECATED<OpenMesh::PolyConnectivity::This,OpenMesh::ArrayKernel::FaceHandle,OpenMesh::ArrayKernel::VertexHandle,{&OpenMesh::Iterators::GenericCirculatorBaseT<OpenMesh::PolyConnectivity::This>::toVertexHandle,0}>::handle' 的宣告
d:\program\gitprj\computergraphics\openmesh_ex\openmesh_ex\mesh\gua_om.cpp(503): warning C4996: 'OpenMesh::Iterators::GenericCirculatorT_DEPRECATED<OpenMesh::PolyConnectivity::This,OpenMesh::ArrayKernel::FaceHandle,OpenMesh::ArrayKernel::VertexHandle,{&OpenMesh::Iterators::GenericCirculatorBaseT<OpenMesh::PolyConnectivity::This>::toVertexHandle,0}>::handle': This function clutters your code. Use dereferencing operators -> and * instead.
  d:\program\gitprj\computergraphics\openmesh_ex\openmesh-5.2\src\openmesh\core\mesh\circulatorst.hh(567): note: 請參閱 'OpenMesh::Iterators::GenericCirculatorT_DEPRECATED<OpenMesh::PolyConnectivity::This,OpenMesh::ArrayKernel::FaceHandle,OpenMesh::ArrayKernel::VertexHandle,{&OpenMesh::Iterators::GenericCirculatorBaseT<OpenMesh::PolyConnectivity::This>::toVertexHandle,0}>::handle' 的宣告
d:\program\gitprj\computergraphics\openmesh_ex\openmesh_ex\mesh\gua_om.cpp(631): warning C4996: 'OpenMesh::Iterators::GenericIteratorT<OpenMesh::PolyConnectivity::This,OpenMesh::ArrayKernel::VertexHandle,OpenMesh::ArrayKernel,{&OpenMesh::ArrayKernel::has_vertex_status,0},{&OpenMesh::ArrayKernel::[thunk]: __thiscall OpenMesh::ArrayKernel::`vcall'{4,{flat}}' }',0}>::operator OpenMesh::VertexHandle': Implicit casts of iterators are unsafe. Use dereferencing operators -> and * instead.
  d:\program\gitprj\computergraphics\openmesh_ex\openmesh-5.2\src\openmesh\core\mesh\iteratorst.hh(144): note: 請參閱 'OpenMesh::Iterators::GenericIteratorT<OpenMesh::PolyConnectivity::This,OpenMesh::ArrayKernel::VertexHandle,OpenMesh::ArrayKernel,{&OpenMesh::ArrayKernel::has_vertex_status,0},{&OpenMesh::ArrayKernel::[thunk]: __thiscall OpenMesh::ArrayKernel::`vcall'{4,{flat}}' }',0}>::operator OpenMesh::VertexHandle' 的宣告
d:\program\gitprj\computergraphics\openmesh_ex\openmesh_ex\mesh\gua_om.cpp(636): warning C4996: 'OpenMesh::Iterators::GenericIteratorT<OpenMesh::PolyConnectivity::This,OpenMesh::ArrayKernel::VertexHandle,OpenMesh::ArrayKernel,{&OpenMesh::ArrayKernel::has_vertex_status,0},{&OpenMesh::ArrayKernel::[thunk]: __thiscall OpenMesh::ArrayKernel::`vcall'{4,{flat}}' }',0}>::handle': This function clutters your code. Use dereferencing operators -> and * instead.
  d:\program\gitprj\computergraphics\openmesh_ex\openmesh-5.2\src\openmesh\core\mesh\iteratorst.hh(133): note: 請參閱 'OpenMesh::Iterators::GenericIteratorT<OpenMesh::PolyConnectivity::This,OpenMesh::ArrayKernel::VertexHandle,OpenMesh::ArrayKernel,{&OpenMesh::ArrayKernel::has_vertex_status,0},{&OpenMesh::ArrayKernel::[thunk]: __thiscall OpenMesh::ArrayKernel::`vcall'{4,{flat}}' }',0}>::handle' 的宣告
d:\program\gitprj\computergraphics\openmesh_ex\openmesh_ex\mesh\gua_om.cpp(642): warning C4996: 'OpenMesh::Iterators::GenericCirculatorT_DEPRECATED<OpenMesh::PolyConnectivity::This,OpenMesh::ArrayKernel::VertexHandle,OpenMesh::ArrayKernel::FaceHandle,{&OpenMesh::Iterators::GenericCirculatorBaseT<OpenMesh::PolyConnectivity::This>::toFaceHandle,0}>::operator bool': Do not use this error prone implicit cast. Compare to end-iterator or use is_valid(), instead.
  d:\program\gitprj\computergraphics\openmesh_ex\openmesh-5.2\src\openmesh\core\mesh\circulatorst.hh(557): note: 請參閱 'OpenMesh::Iterators::GenericCirculatorT_DEPRECATED<OpenMesh::PolyConnectivity::This,OpenMesh::ArrayKernel::VertexHandle,OpenMesh::ArrayKernel::FaceHandle,{&OpenMesh::Iterators::GenericCirculatorBaseT<OpenMesh::PolyConnectivity::This>::toFaceHandle,0}>::operator bool' 的宣告
d:\program\gitprj\computergraphics\openmesh_ex\openmesh_ex\mesh\gua_om.cpp(644): warning C4996: 'OpenMesh::Iterators::GenericCirculatorT_DEPRECATED<OpenMesh::PolyConnectivity::This,OpenMesh::ArrayKernel::VertexHandle,OpenMesh::ArrayKernel::FaceHandle,{&OpenMesh::Iterators::GenericCirculatorBaseT<OpenMesh::PolyConnectivity::This>::toFaceHandle,0}>::handle': This function clutters your code. Use dereferencing operators -> and * instead.
  d:\program\gitprj\computergraphics\openmesh_ex\openmesh-5.2\src\openmesh\core\mesh\circulatorst.hh(567): note: 請參閱 'OpenMesh::Iterators::GenericCirculatorT_DEPRECATED<OpenMesh::PolyConnectivity::This,OpenMesh::ArrayKernel::VertexHandle,OpenMesh::ArrayKernel::FaceHandle,{&OpenMesh::Iterators::GenericCirculatorBaseT<OpenMesh::PolyConnectivity::This>::toFaceHandle,0}>::handle' 的宣告
d:\program\gitprj\computergraphics\openmesh_ex\openmesh_ex\mesh\gua_om.cpp(646): warning C4996: 'OpenMesh::Iterators::GenericCirculatorT_DEPRECATED<OpenMesh::PolyConnectivity::This,OpenMesh::ArrayKernel::FaceHandle,OpenMesh::ArrayKernel::VertexHandle,{&OpenMesh::Iterators::GenericCirculatorBaseT<OpenMesh::PolyConnectivity::This>::toVertexHandle,0}>::handle': This function clutters your code. Use dereferencing operators -> and * instead.
  d:\program\gitprj\computergraphics\openmesh_ex\openmesh-5.2\src\openmesh\core\mesh\circulatorst.hh(567): note: 請參閱 'OpenMesh::Iterators::GenericCirculatorT_DEPRECATED<OpenMesh::PolyConnectivity::This,OpenMesh::ArrayKernel::FaceHandle,OpenMesh::ArrayKernel::VertexHandle,{&OpenMesh::Iterators::GenericCirculatorBaseT<OpenMesh::PolyConnectivity::This>::toVertexHandle,0}>::handle' 的宣告
d:\program\gitprj\computergraphics\openmesh_ex\openmesh_ex\mesh\gua_om.cpp(626): warning C4101: 'mostSuitableTriangle': 未參考的區域變數
d:\program\gitprj\computergraphics\openmesh_ex\openmesh_ex\mesh\gua_om.cpp(625): warning C4101: 'triArea': 未參考的區域變數
d:\program\gitprj\computergraphics\openmesh_ex\openmesh_ex\mesh\gua_om.cpp(690): warning C4244: '+=': 將 'double' 轉換為 'float'，由於類型不同，可能導致資料遺失
d:\program\gitprj\computergraphics\openmesh_ex\openmesh_ex\mesh\gua_om.cpp(667): warning C4996: 'OpenMesh::Iterators::GenericIteratorT<OpenMesh::PolyConnectivity::This,OpenMesh::ArrayKernel::VertexHandle,OpenMesh::ArrayKernel,{&OpenMesh::ArrayKernel::has_vertex_status,0},{&OpenMesh::ArrayKernel::[thunk]: __thiscall OpenMesh::ArrayKernel::`vcall'{4,{flat}}' }',0}>::operator OpenMesh::VertexHandle': Implicit casts of iterators are unsafe. Use dereferencing operators -> and * instead.
  d:\program\gitprj\computergraphics\openmesh_ex\openmesh-5.2\src\openmesh\core\mesh\iteratorst.hh(144): note: 請參閱 'OpenMesh::Iterators::GenericIteratorT<OpenMesh::PolyConnectivity::This,OpenMesh::ArrayKernel::VertexHandle,OpenMesh::ArrayKernel,{&OpenMesh::ArrayKernel::has_vertex_status,0},{&OpenMesh::ArrayKernel::[thunk]: __thiscall OpenMesh::ArrayKernel::`vcall'{4,{flat}}' }',0}>::operator OpenMesh::VertexHandle' 的宣告
d:\program\gitprj\computergraphics\openmesh_ex\openmesh_ex\mesh\gua_om.cpp(672): warning C4996: 'OpenMesh::Iterators::GenericIteratorT<OpenMesh::PolyConnectivity::This,OpenMesh::ArrayKernel::VertexHandle,OpenMesh::ArrayKernel,{&OpenMesh::ArrayKernel::has_vertex_status,0},{&OpenMesh::ArrayKernel::[thunk]: __thiscall OpenMesh::ArrayKernel::`vcall'{4,{flat}}' }',0}>::handle': This function clutters your code. Use dereferencing operators -> and * instead.
  d:\program\gitprj\computergraphics\openmesh_ex\openmesh-5.2\src\openmesh\core\mesh\iteratorst.hh(133): note: 請參閱 'OpenMesh::Iterators::GenericIteratorT<OpenMesh::PolyConnectivity::This,OpenMesh::ArrayKernel::VertexHandle,OpenMesh::ArrayKernel,{&OpenMesh::ArrayKernel::has_vertex_status,0},{&OpenMesh::ArrayKernel::[thunk]: __thiscall OpenMesh::ArrayKernel::`vcall'{4,{flat}}' }',0}>::handle' 的宣告
d:\program\gitprj\computergraphics\openmesh_ex\openmesh_ex\mesh\gua_om.cpp(679): warning C4996: 'OpenMesh::Iterators::GenericCirculatorT_DEPRECATED<OpenMesh::PolyConnectivity::This,OpenMesh::ArrayKernel::VertexHandle,OpenMesh::ArrayKernel::FaceHandle,{&OpenMesh::Iterators::GenericCirculatorBaseT<OpenMesh::PolyConnectivity::This>::toFaceHandle,0}>::operator bool': Do not use this error prone implicit cast. Compare to end-iterator or use is_valid(), instead.
  d:\program\gitprj\computergraphics\openmesh_ex\openmesh-5.2\src\openmesh\core\mesh\circulatorst.hh(557): note: 請參閱 'OpenMesh::Iterators::GenericCirculatorT_DEPRECATED<OpenMesh::PolyConnectivity::This,OpenMesh::ArrayKernel::VertexHandle,OpenMesh::ArrayKernel::FaceHandle,{&OpenMesh::Iterators::GenericCirculatorBaseT<OpenMesh::PolyConnectivity::This>::toFaceHandle,0}>::operator bool' 的宣告
d:\program\gitprj\computergraphics\openmesh_ex\openmesh_ex\mesh\gua_om.cpp(682): warning C4996: 'OpenMesh::Iterators::GenericCirculatorT_DEPRECATED<OpenMesh::PolyConnectivity::This,OpenMesh::ArrayKernel::VertexHandle,OpenMesh::ArrayKernel::FaceHandle,{&OpenMesh::Iterators::GenericCirculatorBaseT<OpenMesh::PolyConnectivity::This>::toFaceHandle,0}>::handle': This function clutters your code. Use dereferencing operators -> and * instead.
  d:\program\gitprj\computergraphics\openmesh_ex\openmesh-5.2\src\openmesh\core\mesh\circulatorst.hh(567): note: 請參閱 'OpenMesh::Iterators::GenericCirculatorT_DEPRECATED<OpenMesh::PolyConnectivity::This,OpenMesh::ArrayKernel::VertexHandle,OpenMesh::ArrayKernel::FaceHandle,{&OpenMesh::Iterators::GenericCirculatorBaseT<OpenMesh::PolyConnectivity::This>::toFaceHandle,0}>::handle' 的宣告
d:\program\gitprj\computergraphics\openmesh_ex\openmesh_ex\mesh\gua_om.cpp(684): warning C4996: 'OpenMesh::Iterators::GenericCirculatorT_DEPRECATED<OpenMesh::PolyConnectivity::This,OpenMesh::ArrayKernel::FaceHandle,OpenMesh::ArrayKernel::VertexHandle,{&OpenMesh::Iterators::GenericCirculatorBaseT<OpenMesh::PolyConnectivity::This>::toVertexHandle,0}>::handle': This function clutters your code. Use dereferencing operators -> and * instead.
  d:\program\gitprj\computergraphics\openmesh_ex\openmesh-5.2\src\openmesh\core\mesh\circulatorst.hh(567): note: 請參閱 'OpenMesh::Iterators::GenericCirculatorT_DEPRECATED<OpenMesh::PolyConnectivity::This,OpenMesh::ArrayKernel::FaceHandle,OpenMesh::ArrayKernel::VertexHandle,{&OpenMesh::Iterators::GenericCirculatorBaseT<OpenMesh::PolyConnectivity::This>::toVertexHandle,0}>::handle' 的宣告
d:\program\gitprj\computergraphics\openmesh_ex\openmesh_ex\mesh\gua_om.cpp(662): warning C4101: 'mostSuitableTriangle': 未參考的區域變數
d:\program\gitprj\computergraphics\openmesh_ex\openmesh_ex\mesh\gua_om.cpp(661): warning C4101: 'triArea': 未參考的區域變數
d:\program\gitprj\computergraphics\openmesh_ex\openmesh_ex\mesh\gua_om.cpp(722): warning C4996: 'OpenMesh::Iterators::GenericIteratorT<OpenMesh::PolyConnectivity::This,OpenMesh::ArrayKernel::VertexHandle,OpenMesh::ArrayKernel,{&OpenMesh::ArrayKernel::has_vertex_status,0},{&OpenMesh::ArrayKernel::[thunk]: __thiscall OpenMesh::ArrayKernel::`vcall'{4,{flat}}' }',0}>::operator OpenMesh::VertexHandle': Implicit casts of iterators are unsafe. Use dereferencing operators -> and * instead.
  d:\program\gitprj\computergraphics\openmesh_ex\openmesh-5.2\src\openmesh\core\mesh\iteratorst.hh(144): note: 請參閱 'OpenMesh::Iterators::GenericIteratorT<OpenMesh::PolyConnectivity::This,OpenMesh::ArrayKernel::VertexHandle,OpenMesh::ArrayKernel,{&OpenMesh::ArrayKernel::has_vertex_status,0},{&OpenMesh::ArrayKernel::[thunk]: __thiscall OpenMesh::ArrayKernel::`vcall'{4,{flat}}' }',0}>::operator OpenMesh::VertexHandle' 的宣告
d:\program\gitprj\computergraphics\openmesh_ex\openmesh_ex\mesh\gua_om.cpp(728): warning C4996: 'OpenMesh::Iterators::GenericIteratorT<OpenMesh::PolyConnectivity::This,OpenMesh::ArrayKernel::VertexHandle,OpenMesh::ArrayKernel,{&OpenMesh::ArrayKernel::has_vertex_status,0},{&OpenMesh::ArrayKernel::[thunk]: __thiscall OpenMesh::ArrayKernel::`vcall'{4,{flat}}' }',0}>::handle': This function clutters your code. Use dereferencing operators -> and * instead.
  d:\program\gitprj\computergraphics\openmesh_ex\openmesh-5.2\src\openmesh\core\mesh\iteratorst.hh(133): note: 請參閱 'OpenMesh::Iterators::GenericIteratorT<OpenMesh::PolyConnectivity::This,OpenMesh::ArrayKernel::VertexHandle,OpenMesh::ArrayKernel,{&OpenMesh::ArrayKernel::has_vertex_status,0},{&OpenMesh::ArrayKernel::[thunk]: __thiscall OpenMesh::ArrayKernel::`vcall'{4,{flat}}' }',0}>::handle' 的宣告
  MyForm.cpp
d:\program\gitprj\computergraphics\openmesh_ex\openmesh_ex\myform.h(437): warning C4244: '=': 將 'GLdouble' 轉換為 'float'，由於類型不同，可能導致資料遺失
  正在產生程式碼...
D:\Program\GitPrj\ComputerGraphics\OpenMesh_EX\OpenMesh_EX\Mesh\GUA_OM.cpp : warning C4793: 'OpenMesh::ArrayKernel::`vcall'{16}'': 函式會編譯成機器碼:
  	非 clrcall 的 vcall Thunk 必須編譯為原生
D:\Program\GitPrj\ComputerGraphics\OpenMesh_EX\OpenMesh_EX\Mesh\GUA_OM.cpp : warning C4793: 'OpenMesh::ArrayKernel::`vcall'{12}'': 函式會編譯成機器碼:
  	非 clrcall 的 vcall Thunk 必須編譯為原生
D:\Program\GitPrj\ComputerGraphics\OpenMesh_EX\OpenMesh_EX\Mesh\GUA_OM.cpp : warning C4793: 'OpenMesh::ArrayKernel::`vcall'{4}'': 函式會編譯成機器碼:
  	非 clrcall 的 vcall Thunk 必須編譯為原生
D:\Program\GitPrj\ComputerGraphics\OpenMesh_EX\OpenMesh_EX\Mesh\GUA_OM.cpp : warning C4793: 'OpenMesh::ArrayKernel::`vcall'{8}'': 函式會編譯成機器碼:
  	非 clrcall 的 vcall Thunk 必須編譯為原生
  OpenMesh_EX.vcxproj -> D:\Program\GitPrj\ComputerGraphics\OpenMesh_EX\Release\OpenMesh_EX.exe
